<?xml version="1.0" encoding="UTF-8"?>
<testsuite xmlns:xsi="http://www.w3.org/2001/XMLSchema-instance" xsi:noNamespaceSchemaLocation="https://maven.apache.org/surefire/maven-surefire-plugin/xsd/surefire-test-report-3.0.xsd" version="3.0" name="com.company.machinetranslationservice.MachineTranslationServiceApplicationTests" time="4.85" tests="1" errors="0" skipped="0" failures="0">
  <properties>
[...]
</properties>
  <testcase name="contextLoads" classname="com.company.machinetranslationservice.MachineTranslationServiceApplicationTests" time="1.216">
    <system-out><![CDATA[
  .   ____          _            __ _ _
 /\\ / ___'_ __ _ _(_)_ __  __ _ \ \ \ \
( ( )\___ | '_ | '_| | '_ \/ _` | \ \ \ \
 \\/  ___)| |_)| | | | | || (_| |  ) ) ) )
  '  |____| .__|_| |_|_| |_\__, | / / / /
 =========|_|==============|___/=/_/_/_/
 :: Spring Boot ::                (v3.2.4)

2024-04-18T17:49:23.862+02:00  INFO 34516 --- [machine-translation-service] [           main] achineTranslationServiceApplicationTests : Starting MachineTranslationServiceApplicationTests using Java 22 with PID 34516 (started by jjovan in C:\Users\jjovan\Downloads\TP\git\pretranslation-services\services\machine-translation-service)
2024-04-18T17:49:23.873+02:00  INFO 34516 --- [machine-translation-service] [           main] achineTranslationServiceApplicationTests : No active profile set, falling back to 1 default profile: "default"
2024-04-18T17:49:25.715+02:00  INFO 34516 --- [machine-translation-service] [           main] achineTranslationServiceApplicationTests : Started MachineTranslationServiceApplicationTests in 2.558 seconds (process running for 4.287)
]]></system-out>
    <system-err><![CDATA[WARNING: A Java agent has been loaded dynamically (C:\Users\jjovan\.m2\repository\net\bytebuddy\byte-buddy-agent\1.14.12\byte-buddy-agent-1.14.12.jar)
WARNING: If a serviceability tool is in use, please run with -XX:+EnableDynamicAgentLoading to hide this warning
WARNING: If a serviceability tool is not in use, please run with -Djdk.instrument.traceUsage for more information
WARNING: Dynamic loading of agents will be disallowed by default in a future release
]]></system-err>
  </testcase>
</testsuite>